{"/Users/jaaranis/julio/projects/demo/vip-media-service/src/index.ts": {"path":"/Users/jaaranis/julio/projects/demo/vip-media-service/src/index.ts","statementMap":{"0":{"start":{"line":1,"column":0},"end":{"line":1,"column":32}},"1":{"start":{"line":2,"column":0},"end":{"line":2,"column":null}},"2":{"start":{"line":4,"column":0},"end":{"line":4,"column":32}},"3":{"start":{"line":5,"column":0},"end":{"line":5,"column":43}},"4":{"start":{"line":6,"column":0},"end":{"line":6,"column":31}},"5":{"start":{"line":8,"column":0},"end":{"line":8,"column":40}},"6":{"start":{"line":10,"column":0},"end":{"line":10,"column":null}}},"fnMap":{},"branchMap":{},"s":{"0":0,"1":0,"2":0,"3":0,"4":0,"5":0,"6":0},"f":{},"b":{}}
,"/Users/jaaranis/julio/projects/demo/vip-media-service/src/adapters/image/index.ts": {"path":"/Users/jaaranis/julio/projects/demo/vip-media-service/src/adapters/image/index.ts","statementMap":{"0":{"start":{"line":6,"column":2},"end":{"line":6,"column":null}},"1":{"start":{"line":5,"column":0},"end":{"line":5,"column":16}}},"fnMap":{"0":{"name":"setImage","decl":{"start":{"line":5,"column":16},"end":{"line":5,"column":24}},"loc":{"start":{"line":5,"column":45},"end":{"line":7,"column":1}}}},"branchMap":{},"s":{"0":1,"1":1},"f":{"0":1},"b":{}}
,"/Users/jaaranis/julio/projects/demo/vip-media-service/src/adapters/logger/index.ts": {"path":"/Users/jaaranis/julio/projects/demo/vip-media-service/src/adapters/logger/index.ts","statementMap":{"0":{"start":{"line":6,"column":2},"end":{"line":6,"column":null}},"1":{"start":{"line":5,"column":0},"end":{"line":5,"column":16}}},"fnMap":{"0":{"name":"setLogger","decl":{"start":{"line":5,"column":16},"end":{"line":5,"column":25}},"loc":{"start":{"line":5,"column":44},"end":{"line":7,"column":1}}}},"branchMap":{},"s":{"0":1,"1":1},"f":{"0":1},"b":{}}
,"/Users/jaaranis/julio/projects/demo/vip-media-service/src/adapters/serverHTTP/index.ts": {"path":"/Users/jaaranis/julio/projects/demo/vip-media-service/src/adapters/serverHTTP/index.ts","statementMap":{"0":{"start":{"line":1,"column":0},"end":{"line":1,"column":41}},"1":{"start":{"line":2,"column":13},"end":{"line":2,"column":null}},"2":{"start":{"line":9,"column":2},"end":{"line":9,"column":null}},"3":{"start":{"line":8,"column":0},"end":{"line":8,"column":16}}},"fnMap":{"0":{"name":"setServerHTTP","decl":{"start":{"line":8,"column":16},"end":{"line":8,"column":29}},"loc":{"start":{"line":8,"column":52},"end":{"line":10,"column":1}}}},"branchMap":{},"s":{"0":4,"1":4,"2":1,"3":4},"f":{"0":1},"b":{}}
,"/Users/jaaranis/julio/projects/demo/vip-media-service/src/application/health.ts": {"path":"/Users/jaaranis/julio/projects/demo/vip-media-service/src/application/health.ts","statementMap":{"0":{"start":{"line":2,"column":0},"end":{"line":2,"column":51}},"1":{"start":{"line":11,"column":29},"end":{"line":19,"column":1}},"2":{"start":{"line":12,"column":2},"end":{"line":18,"column":null}},"3":{"start":{"line":11,"column":13},"end":{"line":11,"column":29}}},"fnMap":{"0":{"name":"(anonymous_0)","decl":{"start":{"line":11,"column":29},"end":{"line":11,"column":44}},"loc":{"start":{"line":11,"column":46},"end":{"line":19,"column":1}}}},"branchMap":{},"s":{"0":1,"1":1,"2":1,"3":1},"f":{"0":1},"b":{}}
,"/Users/jaaranis/julio/projects/demo/vip-media-service/src/application/index.ts": {"path":"/Users/jaaranis/julio/projects/demo/vip-media-service/src/application/index.ts","statementMap":{"0":{"start":{"line":1,"column":0},"end":{"line":1,"column":51}},"1":{"start":{"line":2,"column":0},"end":{"line":2,"column":52}},"2":{"start":{"line":3,"column":0},"end":{"line":3,"column":56}},"3":{"start":{"line":4,"column":0},"end":{"line":4,"column":40}},"4":{"start":{"line":7,"column":2},"end":{"line":11,"column":null}},"5":{"start":{"line":13,"column":2},"end":{"line":17,"column":null}},"6":{"start":{"line":19,"column":2},"end":{"line":23,"column":null}},"7":{"start":{"line":25,"column":2},"end":{"line":25,"column":null}},"8":{"start":{"line":6,"column":0},"end":{"line":6,"column":16}}},"fnMap":{"0":{"name":"startApp","decl":{"start":{"line":6,"column":16},"end":{"line":6,"column":24}},"loc":{"start":{"line":6,"column":24},"end":{"line":26,"column":1}}}},"branchMap":{},"s":{"0":0,"1":0,"2":0,"3":0,"4":0,"5":0,"6":0,"7":0,"8":0},"f":{"0":0},"b":{}}
,"/Users/jaaranis/julio/projects/demo/vip-media-service/src/application/v1/useCases/download.ts": {"path":"/Users/jaaranis/julio/projects/demo/vip-media-service/src/application/v1/useCases/download.ts","statementMap":{"0":{"start":{"line":1,"column":0},"end":{"line":1,"column":24}},"1":{"start":{"line":3,"column":0},"end":{"line":3,"column":57}},"2":{"start":{"line":4,"column":0},"end":{"line":4,"column":79}},"3":{"start":{"line":5,"column":0},"end":{"line":5,"column":100}},"4":{"start":{"line":24,"column":31},"end":{"line":52,"column":1}},"5":{"start":{"line":25,"column":17},"end":{"line":25,"column":35}},"6":{"start":{"line":26,"column":20},"end":{"line":26,"column":51}},"7":{"start":{"line":27,"column":2},"end":{"line":32,"column":null}},"8":{"start":{"line":28,"column":4},"end":{"line":31,"column":null}},"9":{"start":{"line":34,"column":23},"end":{"line":34,"column":80}},"10":{"start":{"line":35,"column":2},"end":{"line":51,"column":null}},"11":{"start":{"line":36,"column":19},"end":{"line":36,"column":48}},"12":{"start":{"line":37,"column":4},"end":{"line":40,"column":null}},"13":{"start":{"line":42,"column":4},"end":{"line":50,"column":null}},"14":{"start":{"line":24,"column":13},"end":{"line":24,"column":31}}},"fnMap":{"0":{"name":"(anonymous_6)","decl":{"start":{"line":24,"column":31},"end":{"line":24,"column":32}},"loc":{"start":{"line":24,"column":72},"end":{"line":52,"column":1}}}},"branchMap":{"0":{"loc":{"start":{"line":27,"column":2},"end":{"line":32,"column":null}},"type":"if","locations":[{"start":{"line":27,"column":2},"end":{"line":32,"column":null}}]}},"s":{"0":1,"1":1,"2":1,"3":1,"4":1,"5":2,"6":2,"7":2,"8":0,"9":2,"10":2,"11":2,"12":1,"13":1,"14":1},"f":{"0":2},"b":{"0":[0]}}
,"/Users/jaaranis/julio/projects/demo/vip-media-service/src/application/v1/useCases/upload.ts": {"path":"/Users/jaaranis/julio/projects/demo/vip-media-service/src/application/v1/useCases/upload.ts","statementMap":{"0":{"start":{"line":2,"column":0},"end":{"line":2,"column":57}},"1":{"start":{"line":4,"column":0},"end":{"line":4,"column":70}},"2":{"start":{"line":5,"column":0},"end":{"line":5,"column":100}},"3":{"start":{"line":6,"column":0},"end":{"line":6,"column":47}},"4":{"start":{"line":28,"column":29},"end":{"line":55,"column":null}},"5":{"start":{"line":28,"column":82},"end":{"line":55,"column":null}},"6":{"start":{"line":29,"column":17},"end":{"line":29,"column":35}},"7":{"start":{"line":30,"column":20},"end":{"line":30,"column":51}},"8":{"start":{"line":31,"column":2},"end":{"line":36,"column":null}},"9":{"start":{"line":32,"column":4},"end":{"line":35,"column":null}},"10":{"start":{"line":38,"column":2},"end":{"line":54,"column":null}},"11":{"start":{"line":39,"column":21},"end":{"line":39,"column":89}},"12":{"start":{"line":40,"column":4},"end":{"line":43,"column":null}},"13":{"start":{"line":45,"column":4},"end":{"line":53,"column":null}},"14":{"start":{"line":28,"column":13},"end":{"line":28,"column":29}}},"fnMap":{"0":{"name":"(anonymous_7)","decl":{"start":{"line":28,"column":29},"end":{"line":28,"column":36}},"loc":{"start":{"line":28,"column":82},"end":{"line":55,"column":null}}},"1":{"name":"(anonymous_8)","decl":{"start":{"line":28,"column":82},"end":{"line":28,"column":null}},"loc":{"start":{"line":28,"column":82},"end":{"line":55,"column":1}}}},"branchMap":{"0":{"loc":{"start":{"line":31,"column":2},"end":{"line":36,"column":null}},"type":"if","locations":[{"start":{"line":31,"column":2},"end":{"line":36,"column":null}}]}},"s":{"0":1,"1":1,"2":1,"3":1,"4":1,"5":2,"6":2,"7":2,"8":2,"9":0,"10":2,"11":2,"12":1,"13":1,"14":1},"f":{"0":2,"1":2},"b":{"0":[0]}}
,"/Users/jaaranis/julio/projects/demo/vip-media-service/src/domain/shared/constants.ts": {"path":"/Users/jaaranis/julio/projects/demo/vip-media-service/src/domain/shared/constants.ts","statementMap":{"0":{"start":{"line":1,"column":13},"end":{"line":1,"column":null}},"1":{"start":{"line":2,"column":13},"end":{"line":2,"column":null}},"2":{"start":{"line":3,"column":13},"end":{"line":3,"column":null}}},"fnMap":{},"branchMap":{},"s":{"0":2,"1":2,"2":2},"f":{},"b":{}}
,"/Users/jaaranis/julio/projects/demo/vip-media-service/src/domain/shared/validateRequest.ts": {"path":"/Users/jaaranis/julio/projects/demo/vip-media-service/src/domain/shared/validateRequest.ts","statementMap":{"0":{"start":{"line":1,"column":0},"end":{"line":1,"column":26}},"1":{"start":{"line":3,"column":0},"end":{"line":3,"column":50}},"2":{"start":{"line":5,"column":32},"end":{"line":10,"column":1}},"3":{"start":{"line":6,"column":2},"end":{"line":9,"column":null}},"4":{"start":{"line":5,"column":13},"end":{"line":5,"column":32}},"5":{"start":{"line":12,"column":41},"end":{"line":19,"column":1}},"6":{"start":{"line":13,"column":2},"end":{"line":18,"column":null}},"7":{"start":{"line":12,"column":13},"end":{"line":12,"column":41}}},"fnMap":{"0":{"name":"(anonymous_6)","decl":{"start":{"line":5,"column":32},"end":{"line":5,"column":35}},"loc":{"start":{"line":5,"column":37},"end":{"line":10,"column":1}}},"1":{"name":"(anonymous_7)","decl":{"start":{"line":12,"column":41},"end":{"line":12,"column":42}},"loc":{"start":{"line":12,"column":68},"end":{"line":19,"column":1}}}},"branchMap":{},"s":{"0":2,"1":2,"2":2,"3":4,"4":2,"5":2,"6":0,"7":2},"f":{"0":4,"1":0},"b":{}}
,"/Users/jaaranis/julio/projects/demo/vip-media-service/src/domain/upload/createImageDetails.ts": {"path":"/Users/jaaranis/julio/projects/demo/vip-media-service/src/domain/upload/createImageDetails.ts","statementMap":{"0":{"start":{"line":2,"column":0},"end":{"line":2,"column":44}},"1":{"start":{"line":4,"column":34},"end":{"line":6,"column":null}},"2":{"start":{"line":4,"column":90},"end":{"line":6,"column":null}},"3":{"start":{"line":5,"column":2},"end":{"line":5,"column":null}},"4":{"start":{"line":4,"column":13},"end":{"line":4,"column":34}}},"fnMap":{"0":{"name":"(anonymous_7)","decl":{"start":{"line":4,"column":34},"end":{"line":4,"column":41}},"loc":{"start":{"line":4,"column":90},"end":{"line":6,"column":null}}},"1":{"name":"(anonymous_8)","decl":{"start":{"line":4,"column":90},"end":{"line":4,"column":null}},"loc":{"start":{"line":4,"column":90},"end":{"line":6,"column":1}}}},"branchMap":{},"s":{"0":1,"1":1,"2":1,"3":1,"4":1},"f":{"0":1,"1":1},"b":{}}
,"/Users/jaaranis/julio/projects/demo/vip-media-service/src/domain/upload/createImageResized.ts": {"path":"/Users/jaaranis/julio/projects/demo/vip-media-service/src/domain/upload/createImageResized.ts","statementMap":{"0":{"start":{"line":1,"column":0},"end":{"line":1,"column":44}},"1":{"start":{"line":2,"column":0},"end":{"line":2,"column":60}},"2":{"start":{"line":3,"column":0},"end":{"line":3,"column":50}},"3":{"start":{"line":4,"column":0},"end":{"line":4,"column":50}},"4":{"start":{"line":6,"column":34},"end":{"line":19,"column":null}},"5":{"start":{"line":6,"column":137},"end":{"line":19,"column":null}},"6":{"start":{"line":7,"column":2},"end":{"line":7,"column":null}},"7":{"start":{"line":8,"column":23},"end":{"line":8,"column":40}},"8":{"start":{"line":9,"column":2},"end":{"line":9,"column":null}},"9":{"start":{"line":10,"column":14},"end":{"line":10,"column":36}},"10":{"start":{"line":11,"column":2},"end":{"line":11,"column":null}},"11":{"start":{"line":12,"column":20},"end":{"line":12,"column":53}},"12":{"start":{"line":13,"column":2},"end":{"line":13,"column":null}},"13":{"start":{"line":14,"column":23},"end":{"line":14,"column":58}},"14":{"start":{"line":15,"column":2},"end":{"line":15,"column":null}},"15":{"start":{"line":16,"column":2},"end":{"line":16,"column":null}},"16":{"start":{"line":17,"column":2},"end":{"line":17,"column":null}},"17":{"start":{"line":18,"column":2},"end":{"line":18,"column":null}},"18":{"start":{"line":6,"column":13},"end":{"line":6,"column":34}}},"fnMap":{"0":{"name":"(anonymous_7)","decl":{"start":{"line":6,"column":34},"end":{"line":6,"column":41}},"loc":{"start":{"line":6,"column":137},"end":{"line":19,"column":null}}},"1":{"name":"(anonymous_8)","decl":{"start":{"line":6,"column":137},"end":{"line":6,"column":null}},"loc":{"start":{"line":6,"column":137},"end":{"line":19,"column":1}}}},"branchMap":{},"s":{"0":1,"1":1,"2":1,"3":1,"4":1,"5":2,"6":2,"7":2,"8":2,"9":2,"10":2,"11":2,"12":2,"13":2,"14":2,"15":2,"16":2,"17":2,"18":1},"f":{"0":2,"1":2},"b":{}}
,"/Users/jaaranis/julio/projects/demo/vip-media-service/src/domain/upload/createImageWithoutBackground.ts": {"path":"/Users/jaaranis/julio/projects/demo/vip-media-service/src/domain/upload/createImageWithoutBackground.ts","statementMap":{"0":{"start":{"line":1,"column":44},"end":{"line":4,"column":1}},"1":{"start":{"line":2,"column":2},"end":{"line":2,"column":null}},"2":{"start":{"line":3,"column":2},"end":{"line":3,"column":null}},"3":{"start":{"line":1,"column":13},"end":{"line":1,"column":44}}},"fnMap":{"0":{"name":"(anonymous_0)","decl":{"start":{"line":1,"column":44},"end":{"line":1,"column":45}},"loc":{"start":{"line":1,"column":101},"end":{"line":4,"column":1}}}},"branchMap":{},"s":{"0":0,"1":0,"2":0,"3":0},"f":{"0":0},"b":{}}
,"/Users/jaaranis/julio/projects/demo/vip-media-service/src/domain/upload/createOriginalImage.ts": {"path":"/Users/jaaranis/julio/projects/demo/vip-media-service/src/domain/upload/createOriginalImage.ts","statementMap":{"0":{"start":{"line":1,"column":0},"end":{"line":1,"column":48}},"1":{"start":{"line":2,"column":0},"end":{"line":2,"column":50}},"2":{"start":{"line":4,"column":35},"end":{"line":12,"column":null}},"3":{"start":{"line":8,"column":21},"end":{"line":12,"column":null}},"4":{"start":{"line":9,"column":19},"end":{"line":9,"column":35}},"5":{"start":{"line":10,"column":2},"end":{"line":10,"column":null}},"6":{"start":{"line":11,"column":2},"end":{"line":11,"column":null}},"7":{"start":{"line":4,"column":13},"end":{"line":4,"column":35}}},"fnMap":{"0":{"name":"(anonymous_7)","decl":{"start":{"line":4,"column":35},"end":{"line":4,"column":null}},"loc":{"start":{"line":8,"column":21},"end":{"line":12,"column":null}}},"1":{"name":"(anonymous_8)","decl":{"start":{"line":8,"column":21},"end":{"line":8,"column":null}},"loc":{"start":{"line":8,"column":21},"end":{"line":12,"column":1}}}},"branchMap":{},"s":{"0":1,"1":1,"2":1,"3":2,"4":2,"5":2,"6":1,"7":1},"f":{"0":2,"1":2},"b":{}}
,"/Users/jaaranis/julio/projects/demo/vip-media-service/src/domain/upload/index.ts": {"path":"/Users/jaaranis/julio/projects/demo/vip-media-service/src/domain/upload/index.ts","statementMap":{"0":{"start":{"line":1,"column":0},"end":{"line":1,"column":57}},"1":{"start":{"line":2,"column":0},"end":{"line":2,"column":57}},"2":{"start":{"line":3,"column":0},"end":{"line":3,"column":59}},"3":{"start":{"line":14,"column":22},"end":{"line":34,"column":null}},"4":{"start":{"line":14,"column":96},"end":{"line":34,"column":null}},"5":{"start":{"line":15,"column":2},"end":{"line":15,"column":null}},"6":{"start":{"line":16,"column":19},"end":{"line":16,"column":62}},"7":{"start":{"line":17,"column":2},"end":{"line":17,"column":null}},"8":{"start":{"line":18,"column":20},"end":{"line":18,"column":77}},"9":{"start":{"line":19,"column":2},"end":{"line":19,"column":null}},"10":{"start":{"line":20,"column":25},"end":{"line":20,"column":80}},"11":{"start":{"line":21,"column":2},"end":{"line":21,"column":null}},"12":{"start":{"line":23,"column":18},"end":{"line":23,"column":54}},"13":{"start":{"line":24,"column":2},"end":{"line":24,"column":null}},"14":{"start":{"line":26,"column":2},"end":{"line":33,"column":null}},"15":{"start":{"line":14,"column":13},"end":{"line":14,"column":22}}},"fnMap":{"0":{"name":"(anonymous_7)","decl":{"start":{"line":14,"column":22},"end":{"line":14,"column":29}},"loc":{"start":{"line":14,"column":96},"end":{"line":34,"column":null}}},"1":{"name":"(anonymous_8)","decl":{"start":{"line":14,"column":96},"end":{"line":14,"column":null}},"loc":{"start":{"line":14,"column":96},"end":{"line":34,"column":1}}}},"branchMap":{},"s":{"0":1,"1":1,"2":1,"3":1,"4":2,"5":2,"6":2,"7":1,"8":1,"9":1,"10":1,"11":1,"12":1,"13":1,"14":1,"15":1},"f":{"0":2,"1":2},"b":{}}
,"/Users/jaaranis/julio/projects/demo/vip-media-service/src/domain/upload/events/createPath.ts": {"path":"/Users/jaaranis/julio/projects/demo/vip-media-service/src/domain/upload/events/createPath.ts","statementMap":{"0":{"start":{"line":1,"column":0},"end":{"line":1,"column":42}},"1":{"start":{"line":3,"column":27},"end":{"line":5,"column":1}},"2":{"start":{"line":4,"column":2},"end":{"line":4,"column":null}},"3":{"start":{"line":7,"column":26},"end":{"line":15,"column":1}},"4":{"start":{"line":8,"column":19},"end":{"line":8,"column":43}},"5":{"start":{"line":10,"column":2},"end":{"line":12,"column":null}},"6":{"start":{"line":11,"column":4},"end":{"line":11,"column":null}},"7":{"start":{"line":14,"column":2},"end":{"line":14,"column":null}},"8":{"start":{"line":7,"column":13},"end":{"line":7,"column":26}}},"fnMap":{"0":{"name":"(anonymous_0)","decl":{"start":{"line":3,"column":27},"end":{"line":3,"column":28}},"loc":{"start":{"line":3,"column":52},"end":{"line":5,"column":1}}},"1":{"name":"(anonymous_1)","decl":{"start":{"line":7,"column":26},"end":{"line":7,"column":27}},"loc":{"start":{"line":7,"column":51},"end":{"line":15,"column":1}}}},"branchMap":{"0":{"loc":{"start":{"line":10,"column":2},"end":{"line":12,"column":null}},"type":"if","locations":[{"start":{"line":10,"column":2},"end":{"line":12,"column":null}}]}},"s":{"0":1,"1":1,"2":0,"3":1,"4":0,"5":0,"6":0,"7":0,"8":1},"f":{"0":0,"1":0},"b":{"0":[0]}}
,"/Users/jaaranis/julio/projects/demo/vip-media-service/src/domain/upload/events/getFileExtension.ts": {"path":"/Users/jaaranis/julio/projects/demo/vip-media-service/src/domain/upload/events/getFileExtension.ts","statementMap":{"0":{"start":{"line":1,"column":0},"end":{"line":1,"column":23}},"1":{"start":{"line":3,"column":32},"end":{"line":5,"column":1}},"2":{"start":{"line":4,"column":2},"end":{"line":4,"column":null}},"3":{"start":{"line":3,"column":13},"end":{"line":3,"column":32}}},"fnMap":{"0":{"name":"(anonymous_1)","decl":{"start":{"line":3,"column":32},"end":{"line":3,"column":33}},"loc":{"start":{"line":3,"column":57},"end":{"line":5,"column":1}}}},"branchMap":{},"s":{"0":1,"1":1,"2":0,"3":1},"f":{"0":0},"b":{}}
,"/Users/jaaranis/julio/projects/demo/vip-media-service/src/domain/upload/events/getFileName.ts": {"path":"/Users/jaaranis/julio/projects/demo/vip-media-service/src/domain/upload/events/getFileName.ts","statementMap":{"0":{"start":{"line":1,"column":0},"end":{"line":1,"column":23}},"1":{"start":{"line":3,"column":27},"end":{"line":5,"column":1}},"2":{"start":{"line":4,"column":2},"end":{"line":4,"column":null}},"3":{"start":{"line":3,"column":13},"end":{"line":3,"column":27}}},"fnMap":{"0":{"name":"(anonymous_1)","decl":{"start":{"line":3,"column":27},"end":{"line":3,"column":28}},"loc":{"start":{"line":3,"column":52},"end":{"line":5,"column":1}}}},"branchMap":{},"s":{"0":1,"1":1,"2":0,"3":1},"f":{"0":0},"b":{}}
,"/Users/jaaranis/julio/projects/demo/vip-media-service/src/domain/upload/events/storageFile.ts": {"path":"/Users/jaaranis/julio/projects/demo/vip-media-service/src/domain/upload/events/storageFile.ts","statementMap":{"0":{"start":{"line":1,"column":0},"end":{"line":1,"column":38}},"1":{"start":{"line":3,"column":27},"end":{"line":16,"column":1}},"2":{"start":{"line":8,"column":2},"end":{"line":15,"column":null}},"3":{"start":{"line":9,"column":19},"end":{"line":9,"column":62}},"4":{"start":{"line":10,"column":4},"end":{"line":14,"column":null}},"5":{"start":{"line":11,"column":6},"end":{"line":11,"column":null}},"6":{"start":{"line":12,"column":6},"end":{"line":12,"column":null}},"7":{"start":{"line":13,"column":6},"end":{"line":13,"column":null}},"8":{"start":{"line":3,"column":13},"end":{"line":3,"column":27}}},"fnMap":{"0":{"name":"(anonymous_0)","decl":{"start":{"line":3,"column":27},"end":{"line":3,"column":null}},"loc":{"start":{"line":7,"column":21},"end":{"line":16,"column":1}}},"1":{"name":"(anonymous_1)","decl":{"start":{"line":8,"column":21},"end":{"line":8,"column":22}},"loc":{"start":{"line":8,"column":33},"end":{"line":15,"column":3}}},"2":{"name":"(anonymous_2)","decl":{"start":{"line":10,"column":24},"end":{"line":10,"column":null}},"loc":{"start":{"line":10,"column":24},"end":{"line":14,"column":5}}}},"branchMap":{},"s":{"0":1,"1":1,"2":0,"3":0,"4":0,"5":0,"6":0,"7":0,"8":1},"f":{"0":0,"1":0,"2":0},"b":{}}
,"/Users/jaaranis/julio/projects/demo/vip-media-service/src/infrastructure/image/index.ts": {"path":"/Users/jaaranis/julio/projects/demo/vip-media-service/src/infrastructure/image/index.ts","statementMap":{"0":{"start":{"line":1,"column":0},"end":{"line":1,"column":25}},"1":{"start":{"line":3,"column":0},"end":{"line":3,"column":25}},"2":{"start":{"line":6,"column":0},"end":{"line":6,"column":47}},"3":{"start":{"line":11,"column":16},"end":{"line":16,"column":16}},"4":{"start":{"line":17,"column":4},"end":{"line":17,"column":null}},"5":{"start":{"line":21,"column":4},"end":{"line":21,"column":null}},"6":{"start":{"line":25,"column":20},"end":{"line":25,"column":63}},"7":{"start":{"line":26,"column":27},"end":{"line":26,"column":50}},"8":{"start":{"line":27,"column":21},"end":{"line":27,"column":109}},"9":{"start":{"line":28,"column":4},"end":{"line":30,"column":null}},"10":{"start":{"line":8,"column":0},"end":{"line":8,"column":13}},"11":{"start":{"line":34,"column":0},"end":{"line":34,"column":null}}},"fnMap":{"0":{"name":"(anonymous_8)","decl":{"start":{"line":10,"column":15},"end":{"line":10,"column":21}},"loc":{"start":{"line":10,"column":59},"end":{"line":18,"column":null}}},"1":{"name":"(anonymous_10)","decl":{"start":{"line":20,"column":9},"end":{"line":20,"column":17}},"loc":{"start":{"line":20,"column":35},"end":{"line":22,"column":3}}},"2":{"name":"(anonymous_11)","decl":{"start":{"line":24,"column":15},"end":{"line":24,"column":23}},"loc":{"start":{"line":24,"column":41},"end":{"line":31,"column":null}}}},"branchMap":{"0":{"loc":{"start":{"line":25,"column":20},"end":{"line":25,"column":63}},"type":"binary-expr","locations":[{"start":{"line":25,"column":20},"end":{"line":25,"column":57}},{"start":{"line":25,"column":61},"end":{"line":25,"column":63}}]},"1":{"loc":{"start":{"line":27,"column":38},"end":{"line":27,"column":83}},"type":"binary-expr","locations":[{"start":{"line":27,"column":38},"end":{"line":27,"column":70}},{"start":{"line":27,"column":74},"end":{"line":27,"column":83}}]}},"s":{"0":1,"1":1,"2":1,"3":0,"4":0,"5":0,"6":0,"7":0,"8":0,"9":0,"10":1,"11":1},"f":{"0":0,"1":0,"2":0},"b":{"0":[0,0],"1":[0,0]}}
,"/Users/jaaranis/julio/projects/demo/vip-media-service/src/infrastructure/logger/index.ts": {"path":"/Users/jaaranis/julio/projects/demo/vip-media-service/src/infrastructure/logger/index.ts","statementMap":{"0":{"start":{"line":1,"column":0},"end":{"line":1,"column":29}},"1":{"start":{"line":3,"column":0},"end":{"line":3,"column":49}},"2":{"start":{"line":5,"column":21},"end":{"line":13,"column":2}},"3":{"start":{"line":15,"column":0},"end":{"line":19,"column":null}},"4":{"start":{"line":16,"column":2},"end":{"line":18,"column":null}},"5":{"start":{"line":21,"column":15},"end":{"line":28,"column":null}},"6":{"start":{"line":23,"column":4},"end":{"line":23,"column":null}},"7":{"start":{"line":26,"column":4},"end":{"line":26,"column":null}},"8":{"start":{"line":30,"column":0},"end":{"line":30,"column":null}}},"fnMap":{"0":{"name":"(anonymous_1)","decl":{"start":{"line":22,"column":2},"end":{"line":22,"column":6}},"loc":{"start":{"line":22,"column":23},"end":{"line":24,"column":3}}},"1":{"name":"(anonymous_2)","decl":{"start":{"line":25,"column":2},"end":{"line":25,"column":7}},"loc":{"start":{"line":25,"column":24},"end":{"line":27,"column":3}}}},"branchMap":{"0":{"loc":{"start":{"line":15,"column":0},"end":{"line":19,"column":null}},"type":"if","locations":[{"start":{"line":15,"column":0},"end":{"line":19,"column":null}}]}},"s":{"0":0,"1":0,"2":0,"3":0,"4":0,"5":0,"6":0,"7":0,"8":0},"f":{"0":0,"1":0},"b":{"0":[0]}}
,"/Users/jaaranis/julio/projects/demo/vip-media-service/src/infrastructure/serverHttpFastify/index.ts": {"path":"/Users/jaaranis/julio/projects/demo/vip-media-service/src/infrastructure/serverHttpFastify/index.ts","statementMap":{"0":{"start":{"line":1,"column":0},"end":{"line":1,"column":57}},"1":{"start":{"line":11,"column":0},"end":{"line":11,"column":35}},"2":{"start":{"line":14,"column":31},"end":{"line":14,"column":67}},"3":{"start":{"line":17,"column":4},"end":{"line":17,"column":null}},"4":{"start":{"line":21,"column":4},"end":{"line":21,"column":null}},"5":{"start":{"line":24,"column":2},"end":{"line":28,"column":null}},"6":{"start":{"line":31,"column":0},"end":{"line":31,"column":null}}},"fnMap":{"0":{"name":"useServerHTTP","decl":{"start":{"line":13,"column":9},"end":{"line":13,"column":22}},"loc":{"start":{"line":13,"column":22},"end":{"line":29,"column":1}}},"1":{"name":"add","decl":{"start":{"line":16,"column":11},"end":{"line":16,"column":14}},"loc":{"start":{"line":16,"column":64},"end":{"line":18,"column":3}}},"2":{"name":"run","decl":{"start":{"line":20,"column":11},"end":{"line":20,"column":14}},"loc":{"start":{"line":20,"column":14},"end":{"line":22,"column":3}}}},"branchMap":{},"s":{"0":0,"1":0,"2":0,"3":0,"4":0,"5":0,"6":0},"f":{"0":0,"1":0,"2":0},"b":{}}
,"/Users/jaaranis/julio/projects/demo/vip-media-service/src/infrastructure/serverHttpFastify/fastify/createUseCases.ts": {"path":"/Users/jaaranis/julio/projects/demo/vip-media-service/src/infrastructure/serverHttpFastify/fastify/createUseCases.ts","statementMap":{"0":{"start":{"line":3,"column":0},"end":{"line":3,"column":null}},"1":{"start":{"line":10,"column":2},"end":{"line":15,"column":null}},"2":{"start":{"line":11,"column":20},"end":{"line":11,"column":61}},"3":{"start":{"line":12,"column":4},"end":{"line":14,"column":null}},"4":{"start":{"line":13,"column":6},"end":{"line":13,"column":null}},"5":{"start":{"line":9,"column":0},"end":{"line":9,"column":16}}},"fnMap":{"0":{"name":"createUseCases","decl":{"start":{"line":9,"column":16},"end":{"line":9,"column":30}},"loc":{"start":{"line":9,"column":77},"end":{"line":16,"column":1}}},"1":{"name":"(anonymous_1)","decl":{"start":{"line":10,"column":19},"end":{"line":10,"column":20}},"loc":{"start":{"line":10,"column":70},"end":{"line":15,"column":3}}}},"branchMap":{"0":{"loc":{"start":{"line":12,"column":4},"end":{"line":14,"column":null}},"type":"if","locations":[{"start":{"line":12,"column":4},"end":{"line":14,"column":null}}]}},"s":{"0":0,"1":0,"2":0,"3":0,"4":0,"5":0},"f":{"0":0,"1":0},"b":{"0":[0]}}
,"/Users/jaaranis/julio/projects/demo/vip-media-service/src/infrastructure/serverHttpFastify/fastify/index.ts": {"path":"/Users/jaaranis/julio/projects/demo/vip-media-service/src/infrastructure/serverHttpFastify/fastify/index.ts","statementMap":{"0":{"start":{"line":2,"column":0},"end":{"line":2,"column":43}},"1":{"start":{"line":4,"column":0},"end":{"line":4,"column":null}}},"fnMap":{},"branchMap":{},"s":{"0":0,"1":0},"f":{},"b":{}}
,"/Users/jaaranis/julio/projects/demo/vip-media-service/src/infrastructure/serverHttpFastify/fastify/startServer.ts": {"path":"/Users/jaaranis/julio/projects/demo/vip-media-service/src/infrastructure/serverHttpFastify/fastify/startServer.ts","statementMap":{"0":{"start":{"line":1,"column":0},"end":{"line":1,"column":29}},"1":{"start":{"line":3,"column":0},"end":{"line":3,"column":49}},"2":{"start":{"line":4,"column":0},"end":{"line":4,"column":49}},"3":{"start":{"line":5,"column":0},"end":{"line":5,"column":36}},"4":{"start":{"line":6,"column":0},"end":{"line":6,"column":35}},"5":{"start":{"line":9,"column":17},"end":{"line":11,"column":4}},"6":{"start":{"line":13,"column":14},"end":{"line":13,"column":50}},"7":{"start":{"line":14,"column":2},"end":{"line":14,"column":null}},"8":{"start":{"line":19,"column":2},"end":{"line":21,"column":null}},"9":{"start":{"line":20,"column":4},"end":{"line":20,"column":null}},"10":{"start":{"line":20,"column":25},"end":{"line":20,"column":50}},"11":{"start":{"line":23,"column":2},"end":{"line":40,"column":null}},"12":{"start":{"line":27,"column":4},"end":{"line":31,"column":null}},"13":{"start":{"line":36,"column":4},"end":{"line":39,"column":null}},"14":{"start":{"line":36,"column":25},"end":{"line":37,"column":null}},"15":{"start":{"line":46,"column":2},"end":{"line":46,"column":null}},"16":{"start":{"line":52,"column":2},"end":{"line":52,"column":null}},"17":{"start":{"line":57,"column":15},"end":{"line":57,"column":45}},"18":{"start":{"line":58,"column":2},"end":{"line":60,"column":null}},"19":{"start":{"line":59,"column":4},"end":{"line":59,"column":null}},"20":{"start":{"line":62,"column":2},"end":{"line":71,"column":null}},"21":{"start":{"line":66,"column":4},"end":{"line":69,"column":null}},"22":{"start":{"line":67,"column":6},"end":{"line":67,"column":null}},"23":{"start":{"line":68,"column":6},"end":{"line":68,"column":null}},"24":{"start":{"line":70,"column":4},"end":{"line":70,"column":null}},"25":{"start":{"line":8,"column":0},"end":{"line":8,"column":22}}},"fnMap":{"0":{"name":"startServer","decl":{"start":{"line":8,"column":22},"end":{"line":8,"column":33}},"loc":{"start":{"line":8,"column":55},"end":{"line":72,"column":null}}},"1":{"name":"(anonymous_16)","decl":{"start":{"line":20,"column":25},"end":{"line":20,"column":33}},"loc":{"start":{"line":20,"column":25},"end":{"line":20,"column":50}}},"2":{"name":"(anonymous_17)","decl":{"start":{"line":36,"column":25},"end":{"line":36,"column":null}},"loc":{"start":{"line":36,"column":25},"end":{"line":37,"column":null}}},"3":{"name":"(anonymous_18)","decl":{"start":{"line":65,"column":5},"end":{"line":65,"column":6}},"loc":{"start":{"line":65,"column":22},"end":{"line":71,"column":3}}}},"branchMap":{"0":{"loc":{"start":{"line":13,"column":14},"end":{"line":13,"column":50}},"type":"binary-expr","locations":[{"start":{"line":13,"column":14},"end":{"line":13,"column":34}},{"start":{"line":13,"column":38},"end":{"line":13,"column":50}}]},"1":{"loc":{"start":{"line":19,"column":2},"end":{"line":21,"column":null}},"type":"if","locations":[{"start":{"line":19,"column":2},"end":{"line":21,"column":null}}]},"2":{"loc":{"start":{"line":23,"column":2},"end":{"line":40,"column":null}},"type":"if","locations":[{"start":{"line":23,"column":2},"end":{"line":40,"column":null}}]},"3":{"loc":{"start":{"line":58,"column":2},"end":{"line":60,"column":null}},"type":"if","locations":[{"start":{"line":58,"column":2},"end":{"line":60,"column":null}}]},"4":{"loc":{"start":{"line":66,"column":4},"end":{"line":69,"column":null}},"type":"if","locations":[{"start":{"line":66,"column":4},"end":{"line":69,"column":null}}]}},"s":{"0":0,"1":0,"2":0,"3":0,"4":0,"5":0,"6":0,"7":0,"8":0,"9":0,"10":0,"11":0,"12":0,"13":0,"14":0,"15":0,"16":0,"17":0,"18":0,"19":0,"20":0,"21":0,"22":0,"23":0,"24":0,"25":0},"f":{"0":0,"1":0,"2":0,"3":0},"b":{"0":[0,0],"1":[0],"2":[0],"3":[0],"4":[0]}}
,"/Users/jaaranis/julio/projects/demo/vip-media-service/src/infrastructure/serverHttpFastify/fastify/requests/downloadRequest.ts": {"path":"/Users/jaaranis/julio/projects/demo/vip-media-service/src/infrastructure/serverHttpFastify/fastify/requests/downloadRequest.ts","statementMap":{"0":{"start":{"line":5,"column":4},"end":{"line":7,"column":null}},"1":{"start":{"line":6,"column":6},"end":{"line":6,"column":null}},"2":{"start":{"line":8,"column":4},"end":{"line":16,"column":null}},"3":{"start":{"line":9,"column":25},"end":{"line":12,"column":8}},"4":{"start":{"line":13,"column":6},"end":{"line":13,"column":null}},"5":{"start":{"line":15,"column":6},"end":{"line":15,"column":null}},"6":{"start":{"line":18,"column":2},"end":{"line":18,"column":null}},"7":{"start":{"line":3,"column":0},"end":{"line":3,"column":16}}},"fnMap":{"0":{"name":"useDownloadHandler","decl":{"start":{"line":3,"column":16},"end":{"line":3,"column":34}},"loc":{"start":{"line":3,"column":88},"end":{"line":19,"column":1}}},"1":{"name":"downloadRoute","decl":{"start":{"line":4,"column":17},"end":{"line":4,"column":30}},"loc":{"start":{"line":4,"column":56},"end":{"line":17,"column":null}}}},"branchMap":{"0":{"loc":{"start":{"line":5,"column":4},"end":{"line":7,"column":null}},"type":"if","locations":[{"start":{"line":5,"column":4},"end":{"line":7,"column":null}}]}},"s":{"0":0,"1":0,"2":0,"3":0,"4":0,"5":0,"6":0,"7":0},"f":{"0":0,"1":0},"b":{"0":[0]}}
,"/Users/jaaranis/julio/projects/demo/vip-media-service/src/infrastructure/serverHttpFastify/fastify/requests/factoryRequest.ts": {"path":"/Users/jaaranis/julio/projects/demo/vip-media-service/src/infrastructure/serverHttpFastify/fastify/requests/factoryRequest.ts","statementMap":{"0":{"start":{"line":3,"column":0},"end":{"line":3,"column":71}},"1":{"start":{"line":4,"column":0},"end":{"line":4,"column":54}},"2":{"start":{"line":5,"column":0},"end":{"line":5,"column":44}},"3":{"start":{"line":11,"column":2},"end":{"line":32,"column":null}},"4":{"start":{"line":12,"column":4},"end":{"line":16,"column":null}},"5":{"start":{"line":18,"column":2},"end":{"line":32,"column":null}},"6":{"start":{"line":19,"column":4},"end":{"line":23,"column":null}},"7":{"start":{"line":25,"column":2},"end":{"line":32,"column":null}},"8":{"start":{"line":26,"column":4},"end":{"line":31,"column":null}},"9":{"start":{"line":33,"column":2},"end":{"line":33,"column":null}},"10":{"start":{"line":7,"column":0},"end":{"line":7,"column":16}}},"fnMap":{"0":{"name":"factoryRequest","decl":{"start":{"line":7,"column":16},"end":{"line":7,"column":30}},"loc":{"start":{"line":9,"column":21},"end":{"line":34,"column":1}}}},"branchMap":{"0":{"loc":{"start":{"line":11,"column":2},"end":{"line":32,"column":null}},"type":"if","locations":[{"start":{"line":11,"column":2},"end":{"line":32,"column":null}},{"start":{"line":18,"column":2},"end":{"line":32,"column":null}}]},"1":{"loc":{"start":{"line":18,"column":2},"end":{"line":32,"column":null}},"type":"if","locations":[{"start":{"line":18,"column":2},"end":{"line":32,"column":null}},{"start":{"line":25,"column":2},"end":{"line":32,"column":null}}]},"2":{"loc":{"start":{"line":25,"column":2},"end":{"line":32,"column":null}},"type":"if","locations":[{"start":{"line":25,"column":2},"end":{"line":32,"column":null}}]}},"s":{"0":0,"1":0,"2":0,"3":0,"4":0,"5":0,"6":0,"7":0,"8":0,"9":0,"10":0},"f":{"0":0},"b":{"0":[0,0],"1":[0,0],"2":[0]}}
,"/Users/jaaranis/julio/projects/demo/vip-media-service/src/infrastructure/serverHttpFastify/fastify/requests/getRequest.ts": {"path":"/Users/jaaranis/julio/projects/demo/vip-media-service/src/infrastructure/serverHttpFastify/fastify/requests/getRequest.ts","statementMap":{"0":{"start":{"line":5,"column":4},"end":{"line":7,"column":null}},"1":{"start":{"line":6,"column":6},"end":{"line":6,"column":null}},"2":{"start":{"line":8,"column":4},"end":{"line":16,"column":null}},"3":{"start":{"line":9,"column":25},"end":{"line":12,"column":8}},"4":{"start":{"line":13,"column":6},"end":{"line":13,"column":null}},"5":{"start":{"line":15,"column":6},"end":{"line":15,"column":null}},"6":{"start":{"line":18,"column":2},"end":{"line":18,"column":null}},"7":{"start":{"line":3,"column":0},"end":{"line":3,"column":16}}},"fnMap":{"0":{"name":"useGetHandler","decl":{"start":{"line":3,"column":16},"end":{"line":3,"column":29}},"loc":{"start":{"line":3,"column":83},"end":{"line":19,"column":1}}},"1":{"name":"getRoute","decl":{"start":{"line":4,"column":17},"end":{"line":4,"column":25}},"loc":{"start":{"line":4,"column":51},"end":{"line":17,"column":null}}}},"branchMap":{"0":{"loc":{"start":{"line":5,"column":4},"end":{"line":7,"column":null}},"type":"if","locations":[{"start":{"line":5,"column":4},"end":{"line":7,"column":null}}]}},"s":{"0":0,"1":0,"2":0,"3":0,"4":0,"5":0,"6":0,"7":0},"f":{"0":0,"1":0},"b":{"0":[0]}}
,"/Users/jaaranis/julio/projects/demo/vip-media-service/src/infrastructure/serverHttpFastify/fastify/requests/uploadRequest.ts": {"path":"/Users/jaaranis/julio/projects/demo/vip-media-service/src/infrastructure/serverHttpFastify/fastify/requests/uploadRequest.ts","statementMap":{"0":{"start":{"line":2,"column":0},"end":{"line":2,"column":35}},"1":{"start":{"line":3,"column":16},"end":{"line":3,"column":38}},"2":{"start":{"line":5,"column":15},"end":{"line":5,"column":43}},"3":{"start":{"line":7,"column":2},"end":{"line":7,"column":null}},"4":{"start":{"line":6,"column":0},"end":{"line":6,"column":16}},"5":{"start":{"line":15,"column":4},"end":{"line":17,"column":null}},"6":{"start":{"line":16,"column":6},"end":{"line":16,"column":null}},"7":{"start":{"line":18,"column":4},"end":{"line":29,"column":null}},"8":{"start":{"line":19,"column":25},"end":{"line":23,"column":8}},"9":{"start":{"line":24,"column":6},"end":{"line":24,"column":null}},"10":{"start":{"line":27,"column":8},"end":{"line":27,"column":77}},"11":{"start":{"line":28,"column":6},"end":{"line":28,"column":null}},"12":{"start":{"line":31,"column":2},"end":{"line":31,"column":null}},"13":{"start":{"line":10,"column":0},"end":{"line":10,"column":16}}},"fnMap":{"0":{"name":"useUploadPreHandler","decl":{"start":{"line":6,"column":16},"end":{"line":6,"column":35}},"loc":{"start":{"line":6,"column":35},"end":{"line":8,"column":1}}},"1":{"name":"useUploadHandler","decl":{"start":{"line":10,"column":16},"end":{"line":10,"column":32}},"loc":{"start":{"line":12,"column":14},"end":{"line":32,"column":1}}},"2":{"name":"uploadRoute","decl":{"start":{"line":14,"column":17},"end":{"line":14,"column":28}},"loc":{"start":{"line":14,"column":54},"end":{"line":30,"column":null}}}},"branchMap":{"0":{"loc":{"start":{"line":15,"column":4},"end":{"line":17,"column":null}},"type":"if","locations":[{"start":{"line":15,"column":4},"end":{"line":17,"column":null}}]},"1":{"loc":{"start":{"line":27,"column":8},"end":{"line":27,"column":77}},"type":"cond-expr","locations":[{"start":{"line":27,"column":49},"end":{"line":27,"column":72}},{"start":{"line":27,"column":75},"end":{"line":27,"column":77}}]}},"s":{"0":0,"1":0,"2":0,"3":0,"4":0,"5":0,"6":0,"7":0,"8":0,"9":0,"10":0,"11":0,"12":0,"13":0},"f":{"0":0,"1":0,"2":0},"b":{"0":[0],"1":[0,0]}}
}
