TN:
SF:src/index.ts
FNF:0
FNH:0
DA:1,0
DA:2,0
DA:4,0
DA:5,0
DA:7,0
DA:9,0
LF:6
LH:0
BRF:0
BRH:0
end_of_record
TN:
SF:src/adapters/logger/index.ts
FN:5,setLogger
FNF:1
FNH:1
FNDA:1,setLogger
DA:5,1
DA:6,1
LF:2
LH:2
BRF:0
BRH:0
end_of_record
TN:
SF:src/adapters/serverHTTP/index.ts
FN:8,setServerHTTP
FNF:1
FNH:1
FNDA:1,setServerHTTP
DA:1,4
DA:2,4
DA:8,4
DA:9,1
LF:4
LH:4
BRF:0
BRH:0
end_of_record
TN:
SF:src/application/health.ts
FN:11,(anonymous_0)
FNF:1
FNH:1
FNDA:1,(anonymous_0)
DA:2,1
DA:11,1
DA:12,1
LF:3
LH:3
BRF:0
BRH:0
end_of_record
TN:
SF:src/application/index.ts
FN:6,startApp
FNF:1
FNH:0
FNDA:0,startApp
DA:1,0
DA:2,0
DA:3,0
DA:4,0
DA:6,0
DA:7,0
DA:13,0
DA:19,0
DA:25,0
LF:9
LH:0
BRF:0
BRH:0
end_of_record
TN:
SF:src/application/v1/useCases/download.ts
FN:24,(anonymous_6)
FNF:1
FNH:1
FNDA:2,(anonymous_6)
DA:1,1
DA:3,1
DA:4,1
DA:5,1
DA:24,1
DA:25,2
DA:26,2
DA:27,2
DA:28,0
DA:34,2
DA:35,2
DA:36,2
DA:37,1
DA:42,1
LF:14
LH:13
BRDA:27,0,0,0
BRF:1
BRH:0
end_of_record
TN:
SF:src/application/v1/useCases/upload.ts
FN:22,(anonymous_0)
FN:24,(anonymous_1)
FN:30,(anonymous_2)
FN:46,(anonymous_3)
FNF:4
FNH:2
FNDA:0,(anonymous_0)
FNDA:0,(anonymous_1)
FNDA:2,(anonymous_2)
FNDA:2,(anonymous_3)
DA:1,1
DA:4,1
DA:5,1
DA:7,1
DA:22,1
DA:23,0
DA:24,0
DA:25,0
DA:26,0
DA:30,1
DA:31,2
DA:46,1
DA:47,2
DA:48,2
DA:49,2
DA:50,0
DA:56,2
DA:57,2
DA:58,2
DA:60,2
DA:61,2
DA:64,2
DA:65,2
DA:66,1
DA:74,1
LF:25
LH:20
BRDA:49,0,0,0
BRDA:60,1,0,2
BRF:2
BRH:1
end_of_record
TN:
SF:src/domain/shared/constants.ts
FNF:0
FNH:0
DA:1,2
DA:2,2
DA:3,2
LF:3
LH:3
BRF:0
BRH:0
end_of_record
TN:
SF:src/domain/shared/validateRequest.ts
FN:5,(anonymous_6)
FN:12,(anonymous_7)
FNF:2
FNH:1
FNDA:4,(anonymous_6)
FNDA:0,(anonymous_7)
DA:1,2
DA:3,2
DA:5,2
DA:6,4
DA:12,2
DA:13,0
LF:6
LH:5
BRF:0
BRH:0
end_of_record
TN:
SF:src/infrastructure/logger/index.ts
FN:22,(anonymous_1)
FN:25,(anonymous_2)
FNF:2
FNH:0
FNDA:0,(anonymous_1)
FNDA:0,(anonymous_2)
DA:1,0
DA:3,0
DA:5,0
DA:15,0
DA:16,0
DA:21,0
DA:23,0
DA:26,0
DA:30,0
LF:9
LH:0
BRDA:15,0,0,0
BRF:1
BRH:0
end_of_record
TN:
SF:src/infrastructure/serverHttpFastify/index.ts
FN:13,useServerHTTP
FN:16,add
FN:20,run
FNF:3
FNH:0
FNDA:0,useServerHTTP
FNDA:0,add
FNDA:0,run
DA:1,0
DA:11,0
DA:14,0
DA:17,0
DA:21,0
DA:24,0
DA:31,0
LF:7
LH:0
BRF:0
BRH:0
end_of_record
TN:
SF:src/infrastructure/serverHttpFastify/fastify/createUseCases.ts
FN:9,createUseCases
FN:10,(anonymous_1)
FNF:2
FNH:0
FNDA:0,createUseCases
FNDA:0,(anonymous_1)
DA:3,0
DA:9,0
DA:10,0
DA:11,0
DA:12,0
DA:13,0
LF:6
LH:0
BRDA:12,0,0,0
BRF:1
BRH:0
end_of_record
TN:
SF:src/infrastructure/serverHttpFastify/fastify/index.ts
FNF:0
FNH:0
DA:2,0
DA:4,0
LF:2
LH:0
BRF:0
BRH:0
end_of_record
TN:
SF:src/infrastructure/serverHttpFastify/fastify/startServer.ts
FN:8,startServer
FN:20,(anonymous_16)
FN:36,(anonymous_17)
FN:65,(anonymous_18)
FNF:4
FNH:0
FNDA:0,startServer
FNDA:0,(anonymous_16)
FNDA:0,(anonymous_17)
FNDA:0,(anonymous_18)
DA:1,0
DA:3,0
DA:4,0
DA:5,0
DA:6,0
DA:8,0
DA:9,0
DA:13,0
DA:14,0
DA:19,0
DA:20,0
DA:23,0
DA:27,0
DA:36,0
DA:46,0
DA:52,0
DA:57,0
DA:58,0
DA:59,0
DA:62,0
DA:66,0
DA:67,0
DA:68,0
DA:70,0
LF:24
LH:0
BRDA:13,0,0,0
BRDA:13,0,1,0
BRDA:19,1,0,0
BRDA:23,2,0,0
BRDA:58,3,0,0
BRDA:66,4,0,0
BRF:6
BRH:0
end_of_record
TN:
SF:src/infrastructure/serverHttpFastify/fastify/requests/downloadRequest.ts
FN:3,useDownloadHandler
FN:4,downloadRoute
FNF:2
FNH:0
FNDA:0,useDownloadHandler
FNDA:0,downloadRoute
DA:3,0
DA:5,0
DA:6,0
DA:8,0
DA:9,0
DA:13,0
DA:15,0
DA:18,0
LF:8
LH:0
BRDA:5,0,0,0
BRF:1
BRH:0
end_of_record
TN:
SF:src/infrastructure/serverHttpFastify/fastify/requests/factoryRequest.ts
FN:7,factoryRequest
FNF:1
FNH:0
FNDA:0,factoryRequest
DA:3,0
DA:4,0
DA:5,0
DA:7,0
DA:11,0
DA:12,0
DA:18,0
DA:19,0
DA:25,0
DA:26,0
DA:33,0
LF:11
LH:0
BRDA:11,0,0,0
BRDA:11,0,1,0
BRDA:18,1,0,0
BRDA:18,1,1,0
BRDA:25,2,0,0
BRF:5
BRH:0
end_of_record
TN:
SF:src/infrastructure/serverHttpFastify/fastify/requests/getRequest.ts
FN:3,useGetHandler
FN:4,getRoute
FNF:2
FNH:0
FNDA:0,useGetHandler
FNDA:0,getRoute
DA:3,0
DA:5,0
DA:6,0
DA:8,0
DA:9,0
DA:13,0
DA:15,0
DA:18,0
LF:8
LH:0
BRDA:5,0,0,0
BRF:1
BRH:0
end_of_record
TN:
SF:src/infrastructure/serverHttpFastify/fastify/requests/uploadRequest.ts
FN:6,useUploadPreHandler
FN:10,useUploadHandler
FN:14,uploadRoute
FNF:3
FNH:0
FNDA:0,useUploadPreHandler
FNDA:0,useUploadHandler
FNDA:0,uploadRoute
DA:2,0
DA:3,0
DA:5,0
DA:6,0
DA:7,0
DA:10,0
DA:15,0
DA:16,0
DA:18,0
DA:19,0
DA:24,0
DA:27,0
DA:28,0
DA:31,0
LF:14
LH:0
BRDA:15,0,0,0
BRDA:27,1,0,0
BRDA:27,1,1,0
BRF:3
BRH:0
end_of_record
